<?xml version="1.0" encoding="UTF-8"?>
<testsuite xmlns:xsi="http://www.w3.org/2001/XMLSchema-instance" xsi:noNamespaceSchemaLocation="https://maven.apache.org/surefire/maven-surefire-plugin/xsd/surefire-test-report.xsd" name="com.qa.cardatabase.CarRepositoryTests" time="0.628" tests="2" errors="0" skipped="0" failures="0">
  <properties>
[...]
</properties>
  <testcase name="deleteCars" classname="com.qa.cardatabase.CarRepositoryTests" time="0.102"/>
  <testcase name="saveCar" classname="com.qa.cardatabase.CarRepositoryTests" time="0.037"/>
</testsuite>